Determining if the pthread_create exist failed with the following output:
Change Dir: /home/cpurc002/Assignment1/build/gtest/src/googletest-build/CMakeFiles/CMakeTmp

Run Build Command:"/usr/bin/make" "cmTC_19ce9/fast"
make[3]: Entering directory `/home/cpurc002/Assignment1/build/gtest/src/googletest-build/CMakeFiles/CMakeTmp'
/usr/bin/make -f CMakeFiles/cmTC_19ce9.dir/build.make CMakeFiles/cmTC_19ce9.dir/build
make[4]: Entering directory `/home/cpurc002/Assignment1/build/gtest/src/googletest-build/CMakeFiles/CMakeTmp'
Building C object CMakeFiles/cmTC_19ce9.dir/CheckSymbolExists.c.o
/usr/bin/cc     -o CMakeFiles/cmTC_19ce9.dir/CheckSymbolExists.c.o   -c /home/cpurc002/Assignment1/build/gtest/src/googletest-build/CMakeFiles/CMakeTmp/CheckSymbolExists.c
Linking C executable cmTC_19ce9
/usr/local/bin/cmake -E cmake_link_script CMakeFiles/cmTC_19ce9.dir/link.txt --verbose=1
/usr/bin/cc       CMakeFiles/cmTC_19ce9.dir/CheckSymbolExists.c.o  -o cmTC_19ce9 -rdynamic 
CMakeFiles/cmTC_19ce9.dir/CheckSymbolExists.c.o: In function `main':
CheckSymbolExists.c:(.text+0x16): undefined reference to `pthread_create'
collect2: error: ld returned 1 exit status
make[4]: *** [cmTC_19ce9] Error 1
make[4]: Leaving directory `/home/cpurc002/Assignment1/build/gtest/src/googletest-build/CMakeFiles/CMakeTmp'
make[3]: *** [cmTC_19ce9/fast] Error 2
make[3]: Leaving directory `/home/cpurc002/Assignment1/build/gtest/src/googletest-build/CMakeFiles/CMakeTmp'

File /home/cpurc002/Assignment1/build/gtest/src/googletest-build/CMakeFiles/CMakeTmp/CheckSymbolExists.c:
/* */
#include <pthread.h>

int main(int argc, char** argv)
{
  (void)argv;
#ifndef pthread_create
  return ((int*)(&pthread_create))[argc];
#else
  (void)argc;
  return 0;
#endif
}

Determining if the function pthread_create exists in the pthreads failed with the following output:
Change Dir: /home/cpurc002/Assignment1/build/gtest/src/googletest-build/CMakeFiles/CMakeTmp

Run Build Command:"/usr/bin/make" "cmTC_4d409/fast"
make[3]: Entering directory `/home/cpurc002/Assignment1/build/gtest/src/googletest-build/CMakeFiles/CMakeTmp'
/usr/bin/make -f CMakeFiles/cmTC_4d409.dir/build.make CMakeFiles/cmTC_4d409.dir/build
make[4]: Entering directory `/home/cpurc002/Assignment1/build/gtest/src/googletest-build/CMakeFiles/CMakeTmp'
Building C object CMakeFiles/cmTC_4d409.dir/CheckFunctionExists.c.o
/usr/bin/cc    -DCHECK_FUNCTION_EXISTS=pthread_create   -o CMakeFiles/cmTC_4d409.dir/CheckFunctionExists.c.o   -c /usr/local/share/cmake-3.5/Modules/CheckFunctionExists.c
Linking C executable cmTC_4d409
/usr/local/bin/cmake -E cmake_link_script CMakeFiles/cmTC_4d409.dir/link.txt --verbose=1
/usr/bin/cc   -DCHECK_FUNCTION_EXISTS=pthread_create    CMakeFiles/cmTC_4d409.dir/CheckFunctionExists.c.o  -o cmTC_4d409 -rdynamic -lpthreads 
/usr/bin/ld: cannot find -lpthreads
collect2: error: ld returned 1 exit status
make[4]: *** [cmTC_4d409] Error 1
make[4]: Leaving directory `/home/cpurc002/Assignment1/build/gtest/src/googletest-build/CMakeFiles/CMakeTmp'
make[3]: *** [cmTC_4d409/fast] Error 2
make[3]: Leaving directory `/home/cpurc002/Assignment1/build/gtest/src/googletest-build/CMakeFiles/CMakeTmp'


